<?xml version="1.0" encoding="UTF-8"?>
<!-- Generated by org.testng.reporters.JUnitReportReporter -->
<testsuite hostname="DESKTOP-I0RR7MU" failures="0" tests="3" name="com.orangehrm.qa.testcases.LoginpageTest" time="85.861" errors="0" timestamp="2020-09-21T15:26:36 IST" skipped="0">
  <testcase classname="com.orangehrm.qa.testcases.LoginpageTest" name="loginPageTitleTest" time="27.797"/>
  <system-out/>
  <testcase classname="com.orangehrm.qa.testcases.LoginpageTest" name="orangeHRMImageLogoTest" time="24.285"/>
  <system-out/>
  <testcase classname="com.orangehrm.qa.testcases.LoginpageTest" name="loginTest" time="33.779"/>
  <system-out/>
</testsuite> <!-- com.orangehrm.qa.testcases.LoginpageTest -->
