<?xml version="1.0" encoding="UTF-8"?>
<!-- Generated by org.testng.reporters.JUnitReportReporter -->
<testsuite hostname="DESKTOP-I0RR7MU" failures="0" tests="5" name="com.orangehrm.qa.testcases.LeavePageTest" time="211.997" errors="0" timestamp="2020-09-22T19:01:29 IST" skipped="0">
  <testcase classname="com.orangehrm.qa.testcases.LeavePageTest" name="verifyleaveListLabelTest" time="35.758"/>
  <system-out/>
  <testcase classname="com.orangehrm.qa.testcases.LeavePageTest" name="verifyCheckBox" time="31.905"/>
  <system-out/>
  <testcase classname="com.orangehrm.qa.testcases.LeavePageTest" name="validateAddEntitleMent" time="46.398"/>
  <system-out/>
  <testcase classname="com.orangehrm.qa.testcases.LeavePageTest" name="validateAddEntitleMent" time="50.571"/>
  <system-out/>
  <testcase classname="com.orangehrm.qa.testcases.LeavePageTest" name="validateAddEntitleMent" time="47.365"/>
  <system-out/>
</testsuite> <!-- com.orangehrm.qa.testcases.LeavePageTest -->
